8/7/2025, 1:45:22 PM debug: 📜 Fetching collection data for gid://shopify/Collection/277368045626 with filter sortKey: BEST_SELLING
8/7/2025, 1:45:22 PM debug: Fetching products for collection gid://shopify/Collection/277368045626 with cursor null
{
  "query": "\n    query fetchCollection($first: Int!, $collectionID: ID!, $after: String) {\n        collection(id: $collectionID) {\n            id\n            legacyResourceId\n            title\n            products(first: $first, after: $after,sortKey: BEST_SELLING) {\n                nodes {\n                  id\n                  legacyResourceId\n                  title\n                  tracksInventory\n                  totalInventory\n                  variants(first: 4) {\n                    nodes {\n                      inventoryPolicy\n                      inventoryQuantity\n                      inventoryItem {\n                          tracked\n                          L64107413562:inventoryLevel(locationId:\"gid://shopify/Location/64107413562\") {\n              id\n              quantities(names: [\"available\"]) {\n                  quantity\n              }\n            }\n                      }\n                    }      \n                  }\n                  tags\n                }\n                pageInfo {\n                    hasNextPage\n                    endCursor\n                }\n            }\n        }\n    }\n",
  "variables": {
    "first": 39,
    "collectionID": "gid://shopify/Collection/277368045626",
    "after": null
  }
}
8/7/2025, 1:46:07 PM debug: 📜 Fetching collection data for gid://shopify/Collection/277368045626 with filter sortKey: BEST_SELLING
8/7/2025, 1:46:07 PM debug: Fetching products for collection gid://shopify/Collection/277368045626 with cursor null
{
  "query": "\n    query fetchCollection($first: Int!, $collectionID: ID!, $after: String) {\n        collection(id: $collectionID) {\n            id\n            legacyResourceId\n            title\n            products(first: $first, after: $after,sortKey: BEST_SELLING) {\n                nodes {\n                  id\n                  legacyResourceId\n                  title\n                  tracksInventory\n                  totalInventory\n                  variants(first: 4) {\n                    nodes {\n                      inventoryPolicy\n                      inventoryQuantity\n                      inventoryItem {\n                          tracked\n                          L64107413562:inventoryLevel(locationId:\"gid://shopify/Location/64107413562\") {\n              id\n              quantities(names: [\"available\"]) {\n                  quantity\n              }\n            }\n                      }\n                    }      \n                  }\n                  tags\n                }\n                pageInfo {\n                    hasNextPage\n                    endCursor\n                }\n            }\n        }\n    }\n",
  "variables": {
    "first": 39,
    "collectionID": "gid://shopify/Collection/277368045626",
    "after": null
  }
}
