8/7/2025, 1:13:50 PM debug: Processing job: PUSH_DOWN
{
  "jobData": {
    "shop": "advanced-collection-sort.myshopify.com",
    "collectionID": 277368045626
  }
}
8/7/2025, 1:13:50 PM debug: Job 349 -  create bulk operation completed
{
  "shop": "advanced-collection-sort.myshopify.com",
  "collectionID": 277368045626,
  "operationID": "4492111020090"
}
8/7/2025, 1:15:54 PM debug: Processing job: PUSH_DOWN
{
  "jobData": {
    "shop": "advanced-collection-sort.myshopify.com",
    "collectionID": 277368045626
  }
}
8/7/2025, 1:15:54 PM debug: Job 350 -  create bulk operation completed
{
  "shop": "advanced-collection-sort.myshopify.com",
  "collectionID": 277368045626,
  "operationID": "4492118949946"
}
8/7/2025, 1:32:19 PM debug: Processing job: PUSH_DOWN
{
  "jobData": {
    "shop": "advanced-collection-sort.myshopify.com",
    "collectionID": 277368045626
  }
}
8/7/2025, 1:32:20 PM debug: Job 352 -  create bulk operation completed
{
  "shop": "advanced-collection-sort.myshopify.com",
  "collectionID": 277368045626,
  "operationID": "4492156010554"
}
8/7/2025, 2:01:56 PM debug: Processing job: PUSH_DOWN
{
  "jobData": {
    "shop": "advanced-collection-sort.myshopify.com",
    "collectionID": 277368045626
  }
}
8/7/2025, 2:01:58 PM debug: Job 353 -  create bulk operation completed
{
  "shop": "advanced-collection-sort.myshopify.com",
  "collectionID": 277368045626,
  "operationID": "4492223381562"
}
8/7/2025, 3:00:04 PM debug: Processing job: PUSH_DOWN
{
  "jobData": {
    "shop": "advanced-collection-sort.myshopify.com",
    "collectionID": 277368045626
  }
}
8/7/2025, 3:00:04 PM debug: Job 354 -  create bulk operation completed
{
  "shop": "advanced-collection-sort.myshopify.com",
  "collectionID": 277368045626,
  "operationID": "4492354846778"
}
8/7/2025, 4:00:04 PM debug: Processing job: PUSH_DOWN
{
  "jobData": {
    "shop": "advanced-collection-sort.myshopify.com",
    "collectionID": 277368045626
  }
}
8/7/2025, 4:00:04 PM debug: Job 355 -  create bulk operation completed
{
  "shop": "advanced-collection-sort.myshopify.com",
  "collectionID": 277368045626,
  "operationID": "4492500336698"
}
